<?xml version="1.0" encoding="UTF-8"?>
<!-- Generated by org.testng.reporters.JUnitReportReporter -->
<testsuite skipped="0" hostname="LAPTOP-GK3C948U" name="com.GmailTest" tests="1" failures="0" timestamp="19 May 2019 10:25:11 GMT" time="29.673" errors="0">
  <testcase name="DemoTest" time="29.673" classname="com.GmailTest"/>
</testsuite> <!-- com.GmailTest -->
